CPU_BIND=mask_cpu:00FF000000000000,FF00000000000000,0000000000FF0000,00000000FF000000,00000000000000FF,000000000000FF00,000000FF00000000,0000FF0000000000
rm: cannot remove 'demo_zmatmat': No such file or directory
demo_zmatmat.f90:48:19:

   48 |   call choose_grid(nprocs, nprow, npcol)
      |                   1
Error: Name ‘choose_grid’ at (1) is an ambiguous reference to ‘choose_grid’ from module ‘slate_zmatmat_mod’
/lus/joey/software/projects/pawsey0001/ilkhom/test_slate/mat-mat/./select_gpu: line 4: /lus/joey/software/projects/pawsey0001/ilkhom/test_slate/mat-mat/demo_zmatmat: No such file or directory
/lus/joey/software/projects/pawsey0001/ilkhom/test_slate/mat-mat/./select_gpu: line 4: /lus/joey/software/projects/pawsey0001/ilkhom/test_slate/mat-mat/demo_zmatmat: No such file or directory
/lus/joey/software/projects/pawsey0001/ilkhom/test_slate/mat-mat/./select_gpu: line 4: /lus/joey/software/projects/pawsey0001/ilkhom/test_slate/mat-mat/demo_zmatmat: No such file or directory
/lus/joey/software/projects/pawsey0001/ilkhom/test_slate/mat-mat/./select_gpu: line 4: /lus/joey/software/projects/pawsey0001/ilkhom/test_slate/mat-mat/demo_zmatmat: No such file or directory
/lus/joey/software/projects/pawsey0001/ilkhom/test_slate/mat-mat/./select_gpu: line 4: /lus/joey/software/projects/pawsey0001/ilkhom/test_slate/mat-mat/demo_zmatmat: No such file or directory
/lus/joey/software/projects/pawsey0001/ilkhom/test_slate/mat-mat/./select_gpu: line 4: /lus/joey/software/projects/pawsey0001/ilkhom/test_slate/mat-mat/demo_zmatmat: No such file or directory
/lus/joey/software/projects/pawsey0001/ilkhom/test_slate/mat-mat/./select_gpu: line 4: /lus/joey/software/projects/pawsey0001/ilkhom/test_slate/mat-mat/demo_zmatmat: No such file or directory
/lus/joey/software/projects/pawsey0001/ilkhom/test_slate/mat-mat/./select_gpu: line 4: /lus/joey/software/projects/pawsey0001/ilkhom/test_slate/mat-mat/demo_zmatmat: No such file or directory
srun: error: nid001006: tasks 0-7: Exited with exit code 127
srun: Terminating StepId=353067.1
Now running the CPU version
 Iteration            0
 Iteration            1
srun: Job step aborted: Waiting up to 32 seconds for job step to finish.
slurmstepd: error: *** STEP 353067.2 ON nid001006 CANCELLED AT 2025-12-09T11:44:04 ***
slurmstepd: error: *** JOB 353067 ON nid001006 CANCELLED AT 2025-12-09T11:44:04 ***
