CPU_BIND=mask_cpu:00FF000000000000,FF00000000000000,0000000000FF0000,00000000FF000000,00000000000000FF,000000000000FF00,000000FF00000000,0000FF0000000000
/usr/lib64/gcc/x86_64-suse-linux/14/../../../../x86_64-suse-linux/bin/ld: cannot find slate_zmatvec.o: No such file or directory
collect2: error: ld returned 1 exit status
/lus/joey/software/projects/pawsey0001/ilkhom/test_slate/mat-mat/./select_gpu: line 4: /lus/joey/software/projects/pawsey0001/ilkhom/test_slate/mat-mat/demo_zmatmat: No such file or directory
/lus/joey/software/projects/pawsey0001/ilkhom/test_slate/mat-mat/./select_gpu: line 4: /lus/joey/software/projects/pawsey0001/ilkhom/test_slate/mat-mat/demo_zmatmat: No such file or directory
/lus/joey/software/projects/pawsey0001/ilkhom/test_slate/mat-mat/./select_gpu: line 4: /lus/joey/software/projects/pawsey0001/ilkhom/test_slate/mat-mat/demo_zmatmat: No such file or directory
/lus/joey/software/projects/pawsey0001/ilkhom/test_slate/mat-mat/./select_gpu: line 4: /lus/joey/software/projects/pawsey0001/ilkhom/test_slate/mat-mat/demo_zmatmat: No such file or directory
/lus/joey/software/projects/pawsey0001/ilkhom/test_slate/mat-mat/./select_gpu: line 4: /lus/joey/software/projects/pawsey0001/ilkhom/test_slate/mat-mat/demo_zmatmat: No such file or directory
/lus/joey/software/projects/pawsey0001/ilkhom/test_slate/mat-mat/./select_gpu: line 4: /lus/joey/software/projects/pawsey0001/ilkhom/test_slate/mat-mat/demo_zmatmat: No such file or directory
/lus/joey/software/projects/pawsey0001/ilkhom/test_slate/mat-mat/./select_gpu: line 4: /lus/joey/software/projects/pawsey0001/ilkhom/test_slate/mat-mat/demo_zmatmat: No such file or directory
/lus/joey/software/projects/pawsey0001/ilkhom/test_slate/mat-mat/./select_gpu: line 4: /lus/joey/software/projects/pawsey0001/ilkhom/test_slate/mat-mat/demo_zmatmat: No such file or directory
srun: error: nid001004: tasks 0-7: Exited with exit code 127
srun: Terminating StepId=352982.1
Now running the CPU version
 Iteration            0
srun: Job step aborted: Waiting up to 32 seconds for job step to finish.
slurmstepd: error: *** STEP 352982.2 ON nid001004 CANCELLED AT 2025-12-09T11:37:02 ***
slurmstepd: error: *** JOB 352982 ON nid001004 CANCELLED AT 2025-12-09T11:37:02 ***
